#
# A fatal error has been detected by the Java Runtime Environment:
#
#  EXCEPTION_ACCESS_VIOLATION (0xc0000005) at pc=0x0000000053468bcd, pid=155224, tid=27964
#
# JRE version: 7.0_25-b17
# Java VM: Java HotSpot(TM) 64-Bit Server VM (23.25-b01 mixed mode windows-amd64 compressed oops)
# Problematic frame:
# C  [awt.dll+0x88bcd]  Java_sun_awt_windows_WComponentPeer_setZOrder+0x1bc9
#
# Failed to write core dump. Minidumps are not enabled by default on client versions of Windows
#
# If you would like to submit a bug report, please visit:
#   http://bugreport.sun.com/bugreport/crash.jsp
# The crash happened outside the Java Virtual Machine in native code.
# See problematic frame for where to report the bug.
#

---------------  T H R E A D  ---------------

Current thread (0x000000000d654000):  JavaThread "AWT-Windows" daemon [_thread_in_native, id=27964, stack(0x000000000e130000,0x000000000e230000)]

siginfo: ExceptionCode=0xc0000005, reading address 0xffffffffffffffff

Registers:
RAX=0x00646f6874654d64, RBX=0x0000000000000001, RCX=0x00646f6874654d64, RDX=0x00000000534cbbc8
RSP=0x000000000e22ec90, RBP=0x000000000e22ed49, RSI=0x0000000000000111, RDI=0x000000000dc580b8
R8 =0x0000000000000000, R9 =0x0000000000000001, R10=0x00000000534d2678, R11=0x0000000000000001
R12=0x000000000dc58030, R13=0x000000000000010d, R14=0x000000000001a220, R15=0x0000000000000000
RIP=0x0000000053468bcd, EFLAGS=0x0000000000010202

Top of Stack: (sp=0x000000000e22ec90)
0x000000000e22ec90:   0000000000000001 0000000000000000
0x000000000e22eca0:   0000000000000000 000000000000c264
0x000000000e22ecb0:   000000000d6541d8 000000005346af86
0x000000000e22ecc0:   000000000d6541d8 0000000000000111
0x000000000e22ecd0:   000000000000c264 0000000000000000
0x000000000e22ece0:   000000000000c264 0000000000000000
0x000000000e22ecf0:   0000000000000000 0000000077599bef
0x000000000e22ed00:   0000000000000000 0000000000000001
0x000000000e22ed10:   0000000000000000 0000000000000001
0x000000000e22ed20:   0000000000000000 000000000d6541d8
0x000000000e22ed30:   fffffffffffffffe 000000000dc580b8
0x000000000e22ed40:   ffffffff00000000 00000000001a07c6
0x000000000e22ed50:   0000c26f528d13ae 0000000000000001
0x000000000e22ed60:   0000000000000000 00000000001a07c6
0x000000000e22ed70:   0000000000000000 0000000000000111
0x000000000e22ed80:   000000000001a220 000000000001a220 

Instructions: (pc=0x0000000053468bcd)
0x0000000053468bad:   4d 85 c0 75 23 48 8d 0d 67 21 0c 00 e8 12 6f 02
0x0000000053468bbd:   00 48 8b c8 48 85 c0 75 07 b8 02 00 00 00 eb 29
0x0000000053468bcd:   48 8b 00 ff 50 10 eb f1 49 8b c8 e8 c7 e7 ff ff
0x0000000053468bdd:   48 85 c0 74 0f 4c 8b 00 8b d3 48 8b c8 41 ff 90 


Register to memory mapping:

RAX=0x00646f6874654d64 is an unknown value
RBX=0x0000000000000001 is an unknown value
RCX=0x00646f6874654d64 is an unknown value
RDX=0x00000000534cbbc8 is an unknown value
RSP=0x000000000e22ec90 is pointing into the stack for thread: 0x000000000d654000
RBP=0x000000000e22ed49 is pointing into the stack for thread: 0x000000000d654000
RSI=0x0000000000000111 is an unknown value
RDI=0x000000000dc580b8 is an unknown value
R8 =0x0000000000000000 is an unknown value
R9 =0x0000000000000001 is an unknown value
R10=0x00000000534d2678 is an unknown value
R11=0x0000000000000001 is an unknown value
R12=0x000000000dc58030 is an unknown value
R13=0x000000000000010d is an unknown value
R14=0x000000000001a220 is an unknown value
R15=0x0000000000000000 is an unknown value


Stack: [0x000000000e130000,0x000000000e230000],  sp=0x000000000e22ec90,  free space=1019k
Native frames: (J=compiled Java code, j=interpreted, Vv=VM code, C=native code)
C  [awt.dll+0x88bcd]  Java_sun_awt_windows_WComponentPeer_setZOrder+0x1bc9

Java frames: (J=compiled Java code, j=interpreted, Vv=VM code)
j  sun.awt.windows.WToolkit.eventLoop()V+0
j  sun.awt.windows.WToolkit.run()V+49
j  java.lang.Thread.run()V+11
v  ~StubRoutines::call_stub

---------------  P R O C E S S  ---------------

Java Threads: ( => current thread )
  0x000000000d9a9800 JavaThread "Thread-0" daemon [_thread_in_native, id=123940, stack(0x000000000f9b0000,0x000000000fab0000)]
  0x000000000d9ad000 JavaThread "TimerQueue" daemon [_thread_blocked, id=16136, stack(0x0000000014560000,0x0000000014660000)]
  0x000000000d9ab800 JavaThread "main" [_thread_blocked, id=37392, stack(0x00000000137c0000,0x00000000138c0000)]
  0x000000000d9aa000 JavaThread "SimulationThread" [_thread_blocked, id=103628, stack(0x0000000013520000,0x0000000013620000)]
  0x000000000d9a8800 JavaThread "AWT-EventQueue-0" [_thread_in_native, id=43108, stack(0x00000000121d0000,0x00000000122d0000)]
  0x000000000d9a8000 JavaThread "AWT-Shutdown" [_thread_blocked, id=136848, stack(0x000000000fbb0000,0x000000000fcb0000)]
  0x000000000da5a000 JavaThread "RMI Reaper" [_thread_blocked, id=134040, stack(0x000000000e020000,0x000000000e120000)]
  0x000000000d98d000 JavaThread "RMI TCP Accept-0" daemon [_thread_in_native, id=40288, stack(0x000000000f860000,0x000000000f960000)]
  0x000000000d7eb800 JavaThread "GC Daemon" daemon [_thread_blocked, id=38480, stack(0x000000000e8f0000,0x000000000e9f0000)]
  0x000000000d7e3800 JavaThread "RMI RenewClean-[127.0.0.1:50306]" daemon [_thread_blocked, id=12356, stack(0x000000000ede0000,0x000000000eee0000)]
  0x000000000d7e0800 JavaThread "RMI Scheduler(0)" daemon [_thread_blocked, id=32848, stack(0x000000000eb70000,0x000000000ec70000)]
  0x0000000001e2d800 JavaThread "DestroyJavaVM" [_thread_blocked, id=33244, stack(0x0000000002810000,0x0000000002910000)]
  0x000000000d69b000 JavaThread "BlueJ worker thread" [_thread_blocked, id=39716, stack(0x000000000e6b0000,0x000000000e7b0000)]
=>0x000000000d654000 JavaThread "AWT-Windows" daemon [_thread_in_native, id=27964, stack(0x000000000e130000,0x000000000e230000)]
  0x000000000d64a000 JavaThread "Java2D Disposer" daemon [_thread_blocked, id=36164, stack(0x000000000de60000,0x000000000df60000)]
  0x000000000c5dd800 JavaThread "Service Thread" daemon [_thread_blocked, id=37936, stack(0x000000000d2f0000,0x000000000d3f0000)]
  0x000000000c5cc000 JavaThread "C2 CompilerThread1" daemon [_thread_blocked, id=21988, stack(0x000000000c6b0000,0x000000000c7b0000)]
  0x000000000c5c9000 JavaThread "C2 CompilerThread0" daemon [_thread_blocked, id=30232, stack(0x000000000d090000,0x000000000d190000)]
  0x000000000c5ba000 JavaThread "JDWP Event Helper Thread" daemon [_thread_blocked, id=79544, stack(0x000000000cf60000,0x000000000d060000)]
  0x000000000c5a7800 JavaThread "Attach Listener" daemon [_thread_blocked, id=664, stack(0x000000000cd40000,0x000000000ce40000)]
  0x000000000c5a0800 JavaThread "Signal Dispatcher" daemon [_thread_blocked, id=2348, stack(0x000000000c8f0000,0x000000000c9f0000)]
  0x000000000c59f800 JavaThread "Surrogate Locker Thread (Concurrent GC)" daemon [_thread_blocked, id=90832, stack(0x000000000cc30000,0x000000000cd30000)]
  0x000000000c51d800 JavaThread "Finalizer" daemon [_thread_blocked, id=32700, stack(0x000000000ca50000,0x000000000cb50000)]
  0x000000000c516000 JavaThread "Reference Handler" daemon [_thread_blocked, id=26408, stack(0x000000000c7c0000,0x000000000c8c0000)]

Other Threads:
  0x000000000c50b000 VMThread [stack: 0x000000000bfd0000,0x000000000c0d0000] [id=28304]
  0x000000000c5e3000 WatcherThread [stack: 0x000000000d500000,0x000000000d600000] [id=4316]

VM state:not at safepoint (normal execution)

VM Mutex/Monitor currently owned by a thread: None

Heap
 par new generation   total 39232K, used 33092K [0x000000077b800000, 0x000000077e290000, 0x00000007a5190000)
  eden space 34880K,  94% used [0x000000077b800000, 0x000000077d84ec60, 0x000000077da10000)
  from space 4352K,   0% used [0x000000077de50000, 0x000000077de52618, 0x000000077e290000)
  to   space 4352K,   0% used [0x000000077da10000, 0x000000077da10000, 0x000000077de50000)
 concurrent mark-sweep generation total 86976K, used 4434K [0x00000007a5190000, 0x00000007aa680000, 0x00000007fae00000)
 concurrent-mark-sweep perm gen total 27584K, used 16466K [0x00000007fae00000, 0x00000007fc8f0000, 0x0000000800000000)

Card table byte_map: [0x00000000063d0000,0x0000000006800000] byte_map_base: 0x00000000027f4000

Polling page: 0x0000000001ba0000

Code Cache  [0x0000000002910000, 0x0000000002b80000, 0x0000000005910000)
 total_blobs=1018 nmethods=540 adapters=437 free_code_cache=47018Kb largest_free_block=48084608

Compilation events (10 events):
Event: 4665.577 Thread 0x000000000c5cc000  555             sun.awt.SunToolkit::getSystemEventQueueImplPP (13 bytes)
Event: 4665.578 Thread 0x000000000c5cc000 nmethod 555 0x0000000002b11d10 code [0x0000000002b11e60, 0x0000000002b11f28]
Event: 4681.049 Thread 0x000000000c5c9000  556             sun.awt.SunToolkit::getSystemEventQueueImpl (4 bytes)
Event: 4681.049 Thread 0x000000000c5cc000  557             sun.awt.SunToolkit::getSystemEventQueueImplPP (7 bytes)
Event: 4681.052 Thread 0x000000000c5cc000 nmethod 557 0x0000000002b16090 code [0x0000000002b16200, 0x0000000002b16378]
Event: 4681.052 Thread 0x000000000c5c9000 nmethod 556 0x0000000002a90c90 code [0x0000000002a90e00, 0x0000000002a90fd8]
Event: 4733.572 Thread 0x000000000c5c9000  558             greenfoot.core.Simulation$1::<init> (10 bytes)
Event: 4733.572 Thread 0x000000000c5cc000  559             greenfoot.core.Simulation$1::run (8 bytes)
Event: 4733.572 Thread 0x000000000c5c9000 nmethod 558 0x0000000002b0fa10 code [0x0000000002b0fb40, 0x0000000002b0fbb8]
Event: 4733.602 Thread 0x000000000c5cc000 nmethod 559 0x0000000002b284d0 code [0x0000000002b286c0, 0x0000000002b298b8]

GC Heap History (10 events):
Event: 6717.941 GC heap before
{Heap before GC invocations=84 (full 15):
 par new generation   total 39232K, used 34888K [0x000000077b800000, 0x000000077e290000, 0x00000007a5190000)
  eden space 34880K, 100% used [0x000000077b800000, 0x000000077da10000, 0x000000077da10000)
  from space 4352K,   0% used [0x000000077da10000, 0x000000077da121d8, 0x000000077de50000)
  to   space 4352K,   0% used [0x000000077de50000, 0x000000077de50000, 0x000000077e290000)
 concurrent mark-sweep generation total 86976K, used 4434K [0x00000007a5190000, 0x00000007aa680000, 0x00000007fae00000)
 concurrent-mark-sweep perm gen total 27584K, used 16463K [0x00000007fae00000, 0x00000007fc8f0000, 0x0000000800000000)
Event: 6717.943 GC heap after
Heap after GC invocations=85 (full 15):
 par new generation   total 39232K, used 24K [0x000000077b800000, 0x000000077e290000, 0x00000007a5190000)
  eden space 34880K,   0% used [0x000000077b800000, 0x000000077b800000, 0x000000077da10000)
  from space 4352K,   0% used [0x000000077de50000, 0x000000077de56228, 0x000000077e290000)
  to   space 4352K,   0% used [0x000000077da10000, 0x000000077da10000, 0x000000077de50000)
 concurrent mark-sweep generation total 86976K, used 4434K [0x00000007a5190000, 0x00000007aa680000, 0x00000007fae00000)
 concurrent-mark-sweep perm gen total 27584K, used 16463K [0x00000007fae00000, 0x00000007fc8f0000, 0x0000000800000000)
}
Event: 6864.463 GC heap before
{Heap before GC invocations=85 (full 15):
 par new generation   total 39232K, used 34904K [0x000000077b800000, 0x000000077e290000, 0x00000007a5190000)
  eden space 34880K, 100% used [0x000000077b800000, 0x000000077da10000, 0x000000077da10000)
  from space 4352K,   0% used [0x000000077de50000, 0x000000077de56228, 0x000000077e290000)
  to   space 4352K,   0% used [0x000000077da10000, 0x000000077da10000, 0x000000077de50000)
 concurrent mark-sweep generation total 86976K, used 4434K [0x00000007a5190000, 0x00000007aa680000, 0x00000007fae00000)
 concurrent-mark-sweep perm gen total 27584K, used 16463K [0x00000007fae00000, 0x00000007fc8f0000, 0x0000000800000000)
Event: 6864.465 GC heap after
Heap after GC invocations=86 (full 15):
 par new generation   total 39232K, used 8K [0x000000077b800000, 0x000000077e290000, 0x00000007a5190000)
  eden space 34880K,   0% used [0x000000077b800000, 0x000000077b800000, 0x000000077da10000)
  from space 4352K,   0% used [0x000000077da10000, 0x000000077da121d8, 0x000000077de50000)
  to   space 4352K,   0% used [0x000000077de50000, 0x000000077de50000, 0x000000077e290000)
 concurrent mark-sweep generation total 86976K, used 4434K [0x00000007a5190000, 0x00000007aa680000, 0x00000007fae00000)
 concurrent-mark-sweep perm gen total 27584K, used 16463K [0x00000007fae00000, 0x00000007fc8f0000, 0x0000000800000000)
}
Event: 7009.531 GC heap before
{Heap before GC invocations=86 (full 15):
 par new generation   total 39232K, used 34888K [0x000000077b800000, 0x000000077e290000, 0x00000007a5190000)
  eden space 34880K, 100% used [0x000000077b800000, 0x000000077da10000, 0x000000077da10000)
  from space 4352K,   0% used [0x000000077da10000, 0x000000077da121d8, 0x000000077de50000)
  to   space 4352K,   0% used [0x000000077de50000, 0x000000077de50000, 0x000000077e290000)
 concurrent mark-sweep generation total 86976K, used 4434K [0x00000007a5190000, 0x00000007aa680000, 0x00000007fae00000)
 concurrent-mark-sweep perm gen total 27584K, used 16463K [0x00000007fae00000, 0x00000007fc8f0000, 0x0000000800000000)
Event: 7009.532 GC heap after
Heap after GC invocations=87 (full 15):
 par new generation   total 39232K, used 8K [0x000000077b800000, 0x000000077e290000, 0x00000007a5190000)
  eden space 34880K,   0% used [0x000000077b800000, 0x000000077b800000, 0x000000077da10000)
  from space 4352K,   0% used [0x000000077de50000, 0x000000077de52208, 0x000000077e290000)
  to   space 4352K,   0% used [0x000000077da10000, 0x000000077da10000, 0x000000077de50000)
 concurrent mark-sweep generation total 86976K, used 4434K [0x00000007a5190000, 0x00000007aa680000, 0x00000007fae00000)
 concurrent-mark-sweep perm gen total 27584K, used 16463K [0x00000007fae00000, 0x00000007fc8f0000, 0x0000000800000000)
}
Event: 7152.828 GC heap before
{Heap before GC invocations=87 (full 15):
 par new generation   total 39232K, used 34888K [0x000000077b800000, 0x000000077e290000, 0x00000007a5190000)
  eden space 34880K, 100% used [0x000000077b800000, 0x000000077da10000, 0x000000077da10000)
  from space 4352K,   0% used [0x000000077de50000, 0x000000077de52208, 0x000000077e290000)
  to   space 4352K,   0% used [0x000000077da10000, 0x000000077da10000, 0x000000077de50000)
 concurrent mark-sweep generation total 86976K, used 4434K [0x00000007a5190000, 0x00000007aa680000, 0x00000007fae00000)
 concurrent-mark-sweep perm gen total 27584K, used 16463K [0x00000007fae00000, 0x00000007fc8f0000, 0x0000000800000000)
Event: 7152.829 GC heap after
Heap after GC invocations=88 (full 15):
 par new generation   total 39232K, used 8K [0x000000077b800000, 0x000000077e290000, 0x00000007a5190000)
  eden space 34880K,   0% used [0x000000077b800000, 0x000000077b800000, 0x000000077da10000)
  from space 4352K,   0% used [0x000000077da10000, 0x000000077da121d8, 0x000000077de50000)
  to   space 4352K,   0% used [0x000000077de50000, 0x000000077de50000, 0x000000077e290000)
 concurrent mark-sweep generation total 86976K, used 4434K [0x00000007a5190000, 0x00000007aa680000, 0x00000007fae00000)
 concurrent-mark-sweep perm gen total 27584K, used 16463K [0x00000007fae00000, 0x00000007fc8f0000, 0x0000000800000000)
}
Event: 7297.101 GC heap before
{Heap before GC invocations=88 (full 15):
 par new generation   total 39232K, used 34888K [0x000000077b800000, 0x000000077e290000, 0x00000007a5190000)
  eden space 34880K, 100% used [0x000000077b800000, 0x000000077da10000, 0x000000077da10000)
  from space 4352K,   0% used [0x000000077da10000, 0x000000077da121d8, 0x000000077de50000)
  to   space 4352K,   0% used [0x000000077de50000, 0x000000077de50000, 0x000000077e290000)
 concurrent mark-sweep generation total 86976K, used 4434K [0x00000007a5190000, 0x00000007aa680000, 0x00000007fae00000)
 concurrent-mark-sweep perm gen total 27584K, used 16463K [0x00000007fae00000, 0x00000007fc8f0000, 0x0000000800000000)
Event: 7297.102 GC heap after
Heap after GC invocations=89 (full 15):
 par new generation   total 39232K, used 9K [0x000000077b800000, 0x000000077e290000, 0x00000007a5190000)
  eden space 34880K,   0% used [0x000000077b800000, 0x000000077b800000, 0x000000077da10000)
  from space 4352K,   0% used [0x000000077de50000, 0x000000077de52618, 0x000000077e290000)
  to   space 4352K,   0% used [0x000000077da10000, 0x000000077da10000, 0x000000077de50000)
 concurrent mark-sweep generation total 86976K, used 4434K [0x00000007a5190000, 0x00000007aa680000, 0x00000007fae00000)
 concurrent-mark-sweep perm gen total 27584K, used 16463K [0x00000007fae00000, 0x00000007fc8f0000, 0x0000000800000000)
}

Deoptimization events (10 events):
Event: 3441.503 Thread 0x000000000d9a8800 Uncommon trap -58 fr.pc 0x0000000002a84b98
Event: 3441.503 Thread 0x000000000d9a8800 Uncommon trap -58 fr.pc 0x0000000002a84b98
Event: 4486.889 Thread 0x000000000d9a8800 Uncommon trap -34 fr.pc 0x0000000002a04f14
Event: 4486.893 Thread 0x000000000d9a8800 Uncommon trap -34 fr.pc 0x0000000002a43898
Event: 4486.903 Thread 0x000000000d9a8800 Uncommon trap -20 fr.pc 0x00000000029e8a08
Event: 4487.363 Thread 0x000000000d9a8800 Uncommon trap -34 fr.pc 0x0000000002a43898
Event: 4487.491 Thread 0x000000000d9a8800 Uncommon trap -34 fr.pc 0x0000000002a43898
Event: 4487.493 Thread 0x000000000d9a8800 Uncommon trap -34 fr.pc 0x0000000002a43898
Event: 4492.095 Thread 0x000000000d9a8800 Uncommon trap -83 fr.pc 0x0000000002ab685c
Event: 4492.098 Thread 0x000000000d9a8800 Uncommon trap -83 fr.pc 0x0000000002a64cf0

Internal exceptions (10 events):
Event: 115.483 Thread 0x000000000d7b3000 Threw 0x000000077bb547c0 at C:\jdk7u2_64p\jdk7u25\hotspot\src\share\vm\prims\jvm.cpp:1235
Event: 115.484 Thread 0x000000000d7b3000 Threw 0x000000077bb55958 at C:\jdk7u2_64p\jdk7u25\hotspot\src\share\vm\prims\jvm.cpp:1235
Event: 115.543 Thread 0x000000000d7b3000 Threw 0x000000077bb6f360 at C:\jdk7u2_64p\jdk7u25\hotspot\src\share\vm\prims\jvm.cpp:1235
Event: 115.543 Thread 0x000000000d7b3000 Threw 0x000000077bb704f8 at C:\jdk7u2_64p\jdk7u25\hotspot\src\share\vm\prims\jvm.cpp:1235
Event: 115.606 Thread 0x000000000d7b3000 Threw 0x000000077bb89cd8 at C:\jdk7u2_64p\jdk7u25\hotspot\src\share\vm\prims\jvm.cpp:1235
Event: 115.606 Thread 0x000000000d7b3000 Threw 0x000000077bb8ae70 at C:\jdk7u2_64p\jdk7u25\hotspot\src\share\vm\prims\jvm.cpp:1235
Event: 115.774 Thread 0x000000000d7b3000 Threw 0x000000077bb9d968 at C:\jdk7u2_64p\jdk7u25\hotspot\src\share\vm\prims\jvm.cpp:1235
Event: 115.775 Thread 0x000000000d7b3000 Threw 0x000000077bba1220 at C:\jdk7u2_64p\jdk7u25\hotspot\src\share\vm\prims\jvm.cpp:1235
Event: 116.816 Thread 0x000000000d9a8800 Threw 0x000000077b80b0d8 at C:\jdk7u2_64p\jdk7u25\hotspot\src\share\vm\prims\jvm.cpp:1235
Event: 4492.095 Thread 0x000000000d9a8800 Implicit null exception at 0x0000000002ab5880 to 0x0000000002ab6801

Events (10 events):
Event: 7278.875 Executing VM operation: RevokeBias done
Event: 7278.875 Thread 0x000000000d9a9800 Thread exited: 0x000000000d9a9800
Event: 7297.101 Executing VM operation: GenCollectForAllocation
Event: 7297.102 Executing VM operation: GenCollectForAllocation done
Event: 7297.102 Executing VM operation: RevokeBias
Event: 7297.102 Executing VM operation: RevokeBias done
Event: 7297.102 Executing VM operation: RevokeBias
Event: 7297.102 Executing VM operation: RevokeBias done
Event: 7330.758 Executing VM operation: RevokeBias
Event: 7330.758 Executing VM operation: RevokeBias done


Dynamic libraries:
0x000000013fe10000 - 0x000000013fe43000 	C:\Program Files\Java\jdk1.7.0_25\jre\bin\java.exe
0x0000000077680000 - 0x0000000077829000 	C:\Windows\SYSTEM32\ntdll.dll
0x0000000077460000 - 0x000000007757f000 	C:\Windows\system32\kernel32.dll
0x000007fefd580000 - 0x000007fefd5eb000 	C:\Windows\system32\KERNELBASE.dll
0x000007fefdcd0000 - 0x000007fefddab000 	C:\Windows\system32\ADVAPI32.dll
0x000007fefddb0000 - 0x000007fefde4f000 	C:\Windows\system32\msvcrt.dll
0x000007fefdc40000 - 0x000007fefdc5f000 	C:\Windows\SYSTEM32\sechost.dll
0x000007feff7b0000 - 0x000007feff8dd000 	C:\Windows\system32\RPCRT4.dll
0x0000000077580000 - 0x000000007767a000 	C:\Windows\system32\USER32.dll
0x000007fefdc60000 - 0x000007fefdcc7000 	C:\Windows\system32\GDI32.dll
0x000007fefdeb0000 - 0x000007fefdebe000 	C:\Windows\system32\LPK.dll
0x000007feff4d0000 - 0x000007feff599000 	C:\Windows\system32\USP10.dll
0x000007fefc050000 - 0x000007fefc244000 	C:\Windows\WinSxS\amd64_microsoft.windows.common-controls_6595b64144ccf1df_6.0.7601.17514_none_fa396087175ac9ac\COMCTL32.dll
0x000007feff910000 - 0x000007feff981000 	C:\Windows\system32\SHLWAPI.dll
0x000007feff8e0000 - 0x000007feff90e000 	C:\Windows\system32\IMM32.DLL
0x000007fefee00000 - 0x000007fefef09000 	C:\Windows\system32\MSCTF.dll
0x000007fef4fb0000 - 0x000007fef5221000 	C:\Windows\spbin\spagent.dll
0x000007fef9f50000 - 0x000007fef9f59000 	C:\Windows\system32\WSOCK32.dll
0x000007fefec50000 - 0x000007fefec9d000 	C:\Windows\system32\WS2_32.dll
0x000007feff1f0000 - 0x000007feff1f8000 	C:\Windows\system32\NSI.dll
0x000007fefc5a0000 - 0x000007fefc5ac000 	C:\Windows\system32\VERSION.dll
0x000007fef8740000 - 0x000007fef8758000 	C:\Windows\system32\MPR.dll
0x000007fefdec0000 - 0x000007fefec48000 	C:\Windows\system32\SHELL32.dll
0x000007feff5a0000 - 0x000007feff7a3000 	C:\Windows\system32\ole32.dll
0x000007feff110000 - 0x000007feff1e7000 	C:\Windows\system32\OLEAUT32.dll
0x0000000077840000 - 0x0000000077847000 	C:\Windows\system32\psapi.dll
0x000007fefd110000 - 0x000007fefd11b000 	C:\Windows\system32\secur32.dll
0x000007fefd300000 - 0x000007fefd325000 	C:\Windows\system32\SSPICLI.DLL
0x000007fefac30000 - 0x000007fefac84000 	C:\Windows\system32\OLEACC.DLL
0x0000000058630000 - 0x0000000058701000 	C:\Program Files\Java\jdk1.7.0_25\jre\bin\msvcr100.dll
0x0000000053580000 - 0x0000000053c8f000 	C:\Program Files\Java\jdk1.7.0_25\jre\bin\server\jvm.dll
0x000007fefb040000 - 0x000007fefb07b000 	C:\Windows\system32\WINMM.dll
0x0000000065720000 - 0x000000006572f000 	C:\Program Files\Java\jdk1.7.0_25\jre\bin\verify.dll
0x000000005dbf0000 - 0x000000005dc18000 	C:\Program Files\Java\jdk1.7.0_25\jre\bin\java.dll
0x000000005be00000 - 0x000000005be35000 	C:\Program Files\Java\jdk1.7.0_25\jre\bin\jdwp.dll
0x0000000060aa0000 - 0x0000000060aa8000 	C:\Program Files\Java\jdk1.7.0_25\jre\bin\npt.dll
0x000000005de10000 - 0x000000005de25000 	C:\Program Files\Java\jdk1.7.0_25\jre\bin\zip.dll
0x0000000063f00000 - 0x0000000063f0b000 	C:\Program Files\Java\jdk1.7.0_25\jre\bin\dt_shmem.dll
0x00000000533e0000 - 0x0000000053575000 	C:\Program Files\Java\jdk1.7.0_25\jre\bin\awt.dll
0x000007fefbbc0000 - 0x000007fefbc16000 	C:\Windows\system32\uxtheme.dll
0x000007fefb690000 - 0x000007fefb6a8000 	C:\Windows\system32\dwmapi.dll
0x000007fefd390000 - 0x000007fefd39f000 	C:\Windows\system32\CRYPTBASE.dll
0x000007fefccf0000 - 0x000007fefcd07000 	C:\Windows\system32\CRYPTSP.dll
0x000007fefc9f0000 - 0x000007fefca37000 	C:\Windows\system32\rsaenh.dll
0x000007fefc7a0000 - 0x000007fefc7be000 	C:\Windows\system32\USERENV.dll
0x000007fefd460000 - 0x000007fefd46f000 	C:\Windows\system32\profapi.dll
0x000000005dd60000 - 0x000000005dd79000 	C:\Program Files\Java\jdk1.7.0_25\jre\bin\net.dll
0x000007fefcc90000 - 0x000007fefcce5000 	C:\Windows\system32\mswsock.dll
0x000007fefcc80000 - 0x000007fefcc87000 	C:\Windows\System32\wship6.dll
0x000007fefb020000 - 0x000007fefb035000 	C:\Windows\system32\NLAapi.dll
0x000007fef7ef0000 - 0x000007fef7f05000 	C:\Windows\system32\napinsp.dll
0x000007fef7ed0000 - 0x000007fef7ee9000 	C:\Windows\system32\pnrpnsp.dll
0x000007fefcb10000 - 0x000007fefcb6b000 	C:\Windows\system32\DNSAPI.dll
0x000007fef7ec0000 - 0x000007fef7ecb000 	C:\Windows\System32\winrnr.dll
0x000000006f970000 - 0x000000006f996000 	C:\Program Files\Bonjour\mdnsNSP.dll
0x000007fefaa00000 - 0x000007fefaa27000 	C:\Windows\system32\Iphlpapi.DLL
0x000007fefa9f0000 - 0x000007fefa9fb000 	C:\Windows\system32\WINNSI.DLL
0x000007fefc690000 - 0x000007fefc697000 	C:\Windows\System32\wshtcpip.dll
0x000007fef8c50000 - 0x000007fef8c58000 	C:\Windows\system32\rasadhlp.dll
0x000007fefa8b0000 - 0x000007fefa903000 	C:\Windows\System32\fwpuclnt.dll
0x000000005beb0000 - 0x000000005bec1000 	C:\Program Files\Java\jdk1.7.0_25\jre\bin\nio.dll
0x0000000065710000 - 0x0000000065717000 	C:\Program Files\Java\jdk1.7.0_25\jre\bin\rmi.dll
0x000007feebc10000 - 0x000007feebe0f000 	C:\Windows\system32\d3d9.dll
0x000007fefb960000 - 0x000007fefb967000 	C:\Windows\system32\d3d8thk.dll
0x0000000052f60000 - 0x00000000533e0000 	C:\Windows\system32\atiumd64.dll
0x0000000052cc0000 - 0x0000000052f55000 	C:\Windows\system32\atiumd6a.dll
0x000000005be40000 - 0x000000005be7f000 	C:\Program Files\Java\jdk1.7.0_25\jre\bin\fontmanager.dll
0x00000000584a0000 - 0x00000000584e1000 	C:\Program Files\Java\jdk1.7.0_25\jre\bin\t2k.dll
0x000007feff430000 - 0x000007feff4c9000 	C:\Windows\system32\CLBCatQ.DLL
0x000007fef6600000 - 0x000007fef6628000 	C:\Windows\System32\Speech\SpeechUX\SpTip.dll
0x000000005eb40000 - 0x000000005eb4b000 	C:\Program Files\Java\jdk1.7.0_25\jre\bin\management.dll
0x000007fefd330000 - 0x000007fefd387000 	C:\Windows\system32\apphelp.dll
0x000007fef5f30000 - 0x000007fef5fd0000 	C:\Windows\WinSxS\amd64_microsoft.windows.common-controls_6595b64144ccf1df_5.82.7601.17514_none_a4d6a923711520a9\comctl32.dll
0x000007fee9640000 - 0x000007fee9765000 	C:\Windows\system32\dbghelp.dll

VM Arguments:
jvm_args: -Xincgc -Dawt.useSystemAAFontSettings=on -agentlib:jdwp=transport=dt_shmem,address=javadebug 
java_command: bluej.runtime.ExecServer UTF-8
Launcher Type: SUN_STANDARD

Environment Variables:
CLASSPATH=.;C:\Program Files (x86)\Java\jre6\lib\ext\QTJava.zip
PATH=C:\Windows\system32;C:\Windows;C:\Windows\System32\Wbem;C:\Windows\System32\WindowsPowerShell\v1.0\;c:\Program Files (x86)\ATI Technologies\ATI.ACE\Core-Static;c:\Program Files (x86)\Common Files\Roxio Shared\10.0\DLLShared\;c:\Program Files (x86)\Common Files\Roxio Shared\DLLShared\;C:\Program Files (x86)\QuickTime\QTSystem\
USERNAME=Family
OS=Windows_NT
PROCESSOR_IDENTIFIER=Intel64 Family 6 Model 30 Stepping 5, GenuineIntel



---------------  S Y S T E M  ---------------

OS: Windows 7 , 64 bit Build 7601 Service Pack 1

CPU:total 8 (4 cores per cpu, 2 threads per core) family 6 model 30 stepping 5, cmov, cx8, fxsr, mmx, sse, sse2, sse3, ssse3, sse4.1, sse4.2, popcnt, ht, tsc, tscinvbit

Memory: 4k page, physical 8346704k(4975092k free), swap 16691548k(11311940k free)

vm_info: Java HotSpot(TM) 64-Bit Server VM (23.25-b01) for windows-amd64 JRE (1.7.0_25-b17), built on Jun 21 2013 12:58:32 by "java_re" with unknown MS VC++:1600

time: Sun Oct 06 13:11:44 2013
elapsed time: 7427 seconds

